# JRE version: OpenJDK Runtime Environment Temurin-21.0.5+11 (21.0.5+11) (build 21.0.5+11-LTS)
# Java VM: OpenJDK 64-Bit Server VM Temurin-21.0.5+11 (21.0.5+11-LTS, mixed mode, sharing, tiered, compressed oops, compressed class ptrs, g1 gc, windows-amd64)
GC Precious Log:
 CardTable entry size: 512
 Card Set container configuration: InlinePtr #cards 4 size 8 Array Of Cards #cards 16 size 48 Howl #buckets 8 coarsen threshold 3686 Howl Bitmap #cards 512 size 80 coarsen threshold 460 Card regions per heap region 1 cards per card region 4096
 CPUs: 8 total, 8 available
 Memory: 7975M
 Large Page Support: Disabled
 NUMA Support: Disabled
 Compressed Oops: Enabled (Zero based)
 Heap Region Size: 2M
 Heap Min Capacity: 8M
 Heap Initial Capacity: 126M
 Heap Max Capacity: 4G
 Pre-touch: Disabled
 Parallel Workers: 8
 Concurrent Workers: 2
 Concurrent Refinement Workers: 8
 Periodic GC: Disabled
Heap:
 garbage-first heap   total 507904K, used 253003K [0x0000000700000000, 0x0000000800000000)
  region size 2048K, 36 young (73728K), 6 survivors (12288K)
 Metaspace       used 144745K, committed 147264K, reserved 1179648K
  class space    used 18610K, committed 19904K, reserved 1048576K
GC Heap History (20 events):
Event: 149.345 GC heap before
{Heap before GC invocations=84 (full 0):
 garbage-first heap   total 421888K, used 350326K [0x0000000700000000, 0x0000000800000000)
  region size 2048K, 123 young (251904K), 11 survivors (22528K)
 Metaspace       used 143927K, committed 146496K, reserved 1179648K
  class space    used 18546K, committed 19840K, reserved 1048576K
}
Event: 149.357 GC heap after
{Heap after GC invocations=85 (full 0):
 garbage-first heap   total 421888K, used 129120K [0x0000000700000000, 0x0000000800000000)
  region size 2048K, 11 young (22528K), 11 survivors (22528K)
 Metaspace       used 143927K, committed 146496K, reserved 1179648K
  class space    used 18546K, committed 19840K, reserved 1048576K
}
Event: 149.627 GC heap before
{Heap before GC invocations=85 (full 0):
 garbage-first heap   total 421888K, used 360544K [0x0000000700000000, 0x0000000800000000)
  region size 2048K, 123 young (251904K), 11 survivors (22528K)
 Metaspace       used 144001K, committed 146560K, reserved 1179648K
  class space    used 18546K, committed 19840K, reserved 1048576K
}
Event: 149.637 GC heap after
{Heap after GC invocations=86 (full 0):
 garbage-first heap   total 421888K, used 137448K [0x0000000700000000, 0x0000000800000000)
  region size 2048K, 12 young (24576K), 12 survivors (24576K)
 Metaspace       used 144001K, committed 146560K, reserved 1179648K
  class space    used 18546K, committed 19840K, reserved 1048576K
}
Event: 149.922 GC heap before
{Heap before GC invocations=86 (full 0):
 garbage-first heap   total 421888K, used 362728K [0x0000000700000000, 0x0000000800000000)
  region size 2048K, 123 young (251904K), 12 survivors (24576K)
 Metaspace       used 144083K, committed 146624K, reserved 1179648K
  class space    used 18548K, committed 19840K, reserved 1048576K
}
Event: 149.930 GC heap after
{Heap after GC invocations=87 (full 0):
 garbage-first heap   total 421888K, used 143749K [0x0000000700000000, 0x0000000800000000)
  region size 2048K, 11 young (22528K), 11 survivors (22528K)
 Metaspace       used 144083K, committed 146624K, reserved 1179648K
  class space    used 18548K, committed 19840K, reserved 1048576K
}
Event: 150.374 GC heap before
{Heap before GC invocations=87 (full 0):
 garbage-first heap   total 421888K, used 371077K [0x0000000700000000, 0x0000000800000000)
  region size 2048K, 123 young (251904K), 11 survivors (22528K)
 Metaspace       used 144084K, committed 146624K, reserved 1179648K
  class space    used 18548K, committed 19840K, reserved 1048576K
}
Event: 150.381 GC heap after
{Heap after GC invocations=88 (full 0):
 garbage-first heap   total 421888K, used 149001K [0x0000000700000000, 0x0000000800000000)
  region size 2048K, 10 young (20480K), 10 survivors (20480K)
 Metaspace       used 144084K, committed 146624K, reserved 1179648K
  class space    used 18548K, committed 19840K, reserved 1048576K
}
Event: 150.853 GC heap before
{Heap before GC invocations=88 (full 0):
 garbage-first heap   total 421888K, used 376329K [0x0000000700000000, 0x0000000800000000)
  region size 2048K, 122 young (249856K), 10 survivors (20480K)
 Metaspace       used 144219K, committed 146752K, reserved 1179648K
  class space    used 18569K, committed 19840K, reserved 1048576K
}
Event: 150.861 GC heap after
{Heap after GC invocations=89 (full 0):
 garbage-first heap   total 421888K, used 153895K [0x0000000700000000, 0x0000000800000000)
  region size 2048K, 11 young (22528K), 11 survivors (22528K)
 Metaspace       used 144219K, committed 146752K, reserved 1179648K
  class space    used 18569K, committed 19840K, reserved 1048576K
}
Event: 151.273 GC heap before
{Heap before GC invocations=89 (full 0):
 garbage-first heap   total 421888K, used 342311K [0x0000000700000000, 0x0000000800000000)
  region size 2048K, 105 young (215040K), 11 survivors (22528K)
 Metaspace       used 144496K, committed 146944K, reserved 1179648K
  class space    used 18607K, committed 19840K, reserved 1048576K
}
Event: 151.292 GC heap after
{Heap after GC invocations=90 (full 0):
 garbage-first heap   total 507904K, used 181119K [0x0000000700000000, 0x0000000800000000)
  region size 2048K, 15 young (30720K), 15 survivors (30720K)
 Metaspace       used 144496K, committed 146944K, reserved 1179648K
  class space    used 18607K, committed 19840K, reserved 1048576K
}
Event: 151.626 GC heap before
{Heap before GC invocations=90 (full 0):
 garbage-first heap   total 507904K, used 445311K [0x0000000700000000, 0x0000000800000000)
  region size 2048K, 144 young (294912K), 15 survivors (30720K)
 Metaspace       used 144577K, committed 147136K, reserved 1179648K
  class space    used 18607K, committed 19904K, reserved 1048576K
}
Event: 151.639 GC heap after
{Heap after GC invocations=91 (full 0):
 garbage-first heap   total 507904K, used 191174K [0x0000000700000000, 0x0000000800000000)
  region size 2048K, 12 young (24576K), 12 survivors (24576K)
 Metaspace       used 144577K, committed 147136K, reserved 1179648K
  class space    used 18607K, committed 19904K, reserved 1048576K
}
Event: 151.991 GC heap before
{Heap before GC invocations=91 (full 0):
 garbage-first heap   total 507904K, used 453318K [0x0000000700000000, 0x0000000800000000)
  region size 2048K, 141 young (288768K), 12 survivors (24576K)
 Metaspace       used 144717K, committed 147264K, reserved 1179648K
  class space    used 18609K, committed 19904K, reserved 1048576K
}
Event: 152.003 GC heap after
{Heap after GC invocations=92 (full 0):
 garbage-first heap   total 507904K, used 194539K [0x0000000700000000, 0x0000000800000000)
  region size 2048K, 5 young (10240K), 5 survivors (10240K)
 Metaspace       used 144717K, committed 147264K, reserved 1179648K
  class space    used 18609K, committed 19904K, reserved 1048576K
}
Event: 152.367 GC heap before
{Heap before GC invocations=93 (full 0):
 garbage-first heap   total 507904K, used 460779K [0x0000000700000000, 0x0000000800000000)
  region size 2048K, 136 young (278528K), 5 survivors (10240K)
 Metaspace       used 144723K, committed 147264K, reserved 1179648K
  class space    used 18609K, committed 19904K, reserved 1048576K
}
Event: 152.371 GC heap after
{Heap after GC invocations=94 (full 0):
 garbage-first heap   total 507904K, used 194488K [0x0000000700000000, 0x0000000800000000)
  region size 2048K, 5 young (10240K), 5 survivors (10240K)
 Metaspace       used 144723K, committed 147264K, reserved 1179648K
  class space    used 18609K, committed 19904K, reserved 1048576K
}
Event: 152.678 GC heap before
{Heap before GC invocations=94 (full 0):
 garbage-first heap   total 507904K, used 468920K [0x0000000700000000, 0x0000000800000000)
  region size 2048K, 139 young (284672K), 5 survivors (10240K)
 Metaspace       used 144739K, committed 147264K, reserved 1179648K
  class space    used 18609K, committed 19904K, reserved 1048576K
}
Event: 152.689 GC heap after
{Heap after GC invocations=95 (full 0):
 garbage-first heap   total 507904K, used 193611K [0x0000000700000000, 0x0000000800000000)
  region size 2048K, 6 young (12288K), 6 survivors (12288K)
 Metaspace       used 144739K, committed 147264K, reserved 1179648K
  class space    used 18609K, committed 19904K, reserved 1048576K
}

