# JRE version: OpenJDK Runtime Environment Temurin-21.0.5+11 (21.0.5+11) (build 21.0.5+11-LTS)
# Java VM: OpenJDK 64-Bit Server VM Temurin-21.0.5+11 (21.0.5+11-LTS, mixed mode, sharing, tiered, compressed oops, compressed class ptrs, g1 gc, windows-amd64)
GC Precious Log:
 CardTable entry size: 512
 Card Set container configuration: InlinePtr #cards 4 size 8 Array Of Cards #cards 16 size 48 Howl #buckets 8 coarsen threshold 3686 Howl Bitmap #cards 512 size 80 coarsen threshold 460 Card regions per heap region 1 cards per card region 4096
 CPUs: 8 total, 8 available
 Memory: 7975M
 Large Page Support: Disabled
 NUMA Support: Disabled
 Compressed Oops: Enabled (Zero based)
 Heap Region Size: 2M
 Heap Min Capacity: 8M
 Heap Initial Capacity: 126M
 Heap Max Capacity: 4G
 Pre-touch: Disabled
 Parallel Workers: 8
 Concurrent Workers: 2
 Concurrent Refinement Workers: 8
 Periodic GC: Disabled
Heap:
 garbage-first heap   total 444416K, used 275742K [0x0000000700000000, 0x0000000800000000)
  region size 2048K, 54 young (110592K), 4 survivors (8192K)
 Metaspace       used 145470K, committed 148160K, reserved 1179648K
  class space    used 18883K, committed 20224K, reserved 1048576K
GC Heap History (20 events):
Event: 1020.577 GC heap before
{Heap before GC invocations=71 (full 0):
 garbage-first heap   total 444416K, used 405112K [0x0000000700000000, 0x0000000800000000)
  region size 2048K, 119 young (243712K), 6 survivors (12288K)
 Metaspace       used 135239K, committed 137728K, reserved 1179648K
  class space    used 17677K, committed 18944K, reserved 1048576K
}
Event: 1020.596 GC heap after
{Heap after GC invocations=72 (full 0):
 garbage-first heap   total 444416K, used 171264K [0x0000000700000000, 0x0000000800000000)
  region size 2048K, 7 young (14336K), 7 survivors (14336K)
 Metaspace       used 135239K, committed 137728K, reserved 1179648K
  class space    used 17677K, committed 18944K, reserved 1048576K
}
Event: 1022.546 GC heap before
{Heap before GC invocations=72 (full 0):
 garbage-first heap   total 444416K, used 402688K [0x0000000700000000, 0x0000000800000000)
  region size 2048K, 120 young (245760K), 7 survivors (14336K)
 Metaspace       used 135239K, committed 137728K, reserved 1179648K
  class space    used 17677K, committed 18944K, reserved 1048576K
}
Event: 1022.562 GC heap after
{Heap after GC invocations=73 (full 0):
 garbage-first heap   total 444416K, used 173327K [0x0000000700000000, 0x0000000800000000)
  region size 2048K, 8 young (16384K), 8 survivors (16384K)
 Metaspace       used 135239K, committed 137728K, reserved 1179648K
  class space    used 17677K, committed 18944K, reserved 1048576K
}
Event: 1024.598 GC heap before
{Heap before GC invocations=74 (full 0):
 garbage-first heap   total 444416K, used 400655K [0x0000000700000000, 0x0000000800000000)
  region size 2048K, 119 young (243712K), 8 survivors (16384K)
 Metaspace       used 135239K, committed 137728K, reserved 1179648K
  class space    used 17677K, committed 18944K, reserved 1048576K
}
Event: 1024.613 GC heap after
{Heap after GC invocations=75 (full 0):
 garbage-first heap   total 444416K, used 174363K [0x0000000700000000, 0x0000000800000000)
  region size 2048K, 8 young (16384K), 8 survivors (16384K)
 Metaspace       used 135239K, committed 137728K, reserved 1179648K
  class space    used 17677K, committed 18944K, reserved 1048576K
}
Event: 1026.673 GC heap before
{Heap before GC invocations=75 (full 0):
 garbage-first heap   total 444416K, used 401691K [0x0000000700000000, 0x0000000800000000)
  region size 2048K, 119 young (243712K), 8 survivors (16384K)
 Metaspace       used 135239K, committed 137728K, reserved 1179648K
  class space    used 17677K, committed 18944K, reserved 1048576K
}
Event: 1026.698 GC heap after
{Heap after GC invocations=76 (full 0):
 garbage-first heap   total 444416K, used 174348K [0x0000000700000000, 0x0000000800000000)
  region size 2048K, 9 young (18432K), 9 survivors (18432K)
 Metaspace       used 135239K, committed 137728K, reserved 1179648K
  class space    used 17677K, committed 18944K, reserved 1048576K
}
Event: 1029.553 GC heap before
{Heap before GC invocations=76 (full 0):
 garbage-first heap   total 444416K, used 399628K [0x0000000700000000, 0x0000000800000000)
  region size 2048K, 119 young (243712K), 9 survivors (18432K)
 Metaspace       used 135239K, committed 137728K, reserved 1179648K
  class space    used 17677K, committed 18944K, reserved 1048576K
}
Event: 1029.575 GC heap after
{Heap after GC invocations=77 (full 0):
 garbage-first heap   total 444416K, used 176797K [0x0000000700000000, 0x0000000800000000)
  region size 2048K, 8 young (16384K), 8 survivors (16384K)
 Metaspace       used 135239K, committed 137728K, reserved 1179648K
  class space    used 17677K, committed 18944K, reserved 1048576K
}
Event: 1031.029 GC heap before
{Heap before GC invocations=78 (full 0):
 garbage-first heap   total 444416K, used 402077K [0x0000000700000000, 0x0000000800000000)
  region size 2048K, 118 young (241664K), 8 survivors (16384K)
 Metaspace       used 135239K, committed 137728K, reserved 1179648K
  class space    used 17677K, committed 18944K, reserved 1048576K
}
Event: 1031.044 GC heap after
{Heap after GC invocations=79 (full 0):
 garbage-first heap   total 444416K, used 178443K [0x0000000700000000, 0x0000000800000000)
  region size 2048K, 9 young (18432K), 9 survivors (18432K)
 Metaspace       used 135239K, committed 137728K, reserved 1179648K
  class space    used 17677K, committed 18944K, reserved 1048576K
}
Event: 1034.151 GC heap before
{Heap before GC invocations=79 (full 0):
 garbage-first heap   total 444416K, used 401675K [0x0000000700000000, 0x0000000800000000)
  region size 2048K, 117 young (239616K), 9 survivors (18432K)
 Metaspace       used 135287K, committed 137856K, reserved 1179648K
  class space    used 17684K, committed 18944K, reserved 1048576K
}
Event: 1034.167 GC heap after
{Heap after GC invocations=80 (full 0):
 garbage-first heap   total 444416K, used 161748K [0x0000000700000000, 0x0000000800000000)
  region size 2048K, 3 young (6144K), 3 survivors (6144K)
 Metaspace       used 135287K, committed 137856K, reserved 1179648K
  class space    used 17684K, committed 18944K, reserved 1048576K
}
Event: 1034.957 GC heap before
{Heap before GC invocations=80 (full 0):
 garbage-first heap   total 444416K, used 268244K [0x0000000700000000, 0x0000000800000000)
  region size 2048K, 57 young (116736K), 3 survivors (6144K)
 Metaspace       used 135290K, committed 137856K, reserved 1179648K
  class space    used 17684K, committed 18944K, reserved 1048576K
}
Event: 1034.964 GC heap after
{Heap after GC invocations=81 (full 0):
 garbage-first heap   total 444416K, used 158435K [0x0000000700000000, 0x0000000800000000)
  region size 2048K, 2 young (4096K), 2 survivors (4096K)
 Metaspace       used 135290K, committed 137856K, reserved 1179648K
  class space    used 17684K, committed 18944K, reserved 1048576K
}
Event: 1037.743 GC heap before
{Heap before GC invocations=82 (full 0):
 garbage-first heap   total 444416K, used 416483K [0x0000000700000000, 0x0000000800000000)
  region size 2048K, 127 young (260096K), 2 survivors (4096K)
 Metaspace       used 135313K, committed 137856K, reserved 1179648K
  class space    used 17688K, committed 18944K, reserved 1048576K
}
Event: 1037.753 GC heap after
{Heap after GC invocations=83 (full 0):
 garbage-first heap   total 444416K, used 166020K [0x0000000700000000, 0x0000000800000000)
  region size 2048K, 4 young (8192K), 4 survivors (8192K)
 Metaspace       used 135313K, committed 137856K, reserved 1179648K
  class space    used 17688K, committed 18944K, reserved 1048576K
}
Event: 1042.043 GC heap before
{Heap before GC invocations=83 (full 0):
 garbage-first heap   total 444416K, used 422020K [0x0000000700000000, 0x0000000800000000)
  region size 2048K, 123 young (251904K), 4 survivors (8192K)
 Metaspace       used 141499K, committed 144128K, reserved 1179648K
  class space    used 18494K, committed 19840K, reserved 1048576K
}
Event: 1042.062 GC heap after
{Heap after GC invocations=84 (full 0):
 garbage-first heap   total 444416K, used 175390K [0x0000000700000000, 0x0000000800000000)
  region size 2048K, 4 young (8192K), 4 survivors (8192K)
 Metaspace       used 141499K, committed 144128K, reserved 1179648K
  class space    used 18494K, committed 19840K, reserved 1048576K
}

